<?xml version="1.0" encoding="UTF-8"?>
<!-- Generated by org.testng.reporters.JUnitReportReporter -->
<testsuite skipped="0" hostname="VAIO" name="org.company.bussinesslayer.RequestControls.RestGet" tests="2" failures="0" timestamp="2020-05-03T15:55:07 IST" time="1.938" errors="0">
  <testcase name="Execute" time="1.742" classname="org.company.bussinesslayer.RequestControls.RestGet"/>
  <system-out/>
  <testcase name="Execute" time="0.196" classname="org.company.bussinesslayer.RequestControls.RestGet"/>
  <system-out/>
</testsuite> <!-- org.company.bussinesslayer.RequestControls.RestGet -->
