<?xml version="1.0" encoding="UTF-8"?>
<!-- Generated by org.testng.reporters.JUnitReportReporter -->
<testsuite skipped="0" hostname="VAIO" name="org.company.BussinessLayer.Controls.RestGet" tests="2" failures="0" timestamp="2020-05-09T23:32:33 IST" time="2.713" errors="0">
  <testcase name="executeControl" time="0.360" classname="org.company.BussinessLayer.Controls.RestGet"/>
  <system-out/>
  <testcase name="executeControl" time="2.353" classname="org.company.BussinessLayer.Controls.RestGet"/>
  <system-out/>
</testsuite> <!-- org.company.BussinessLayer.Controls.RestGet -->
