<?xml version="1.0" encoding="UTF-8"?>
<!-- Generated by org.testng.reporters.JUnitReportReporter -->
<testsuite skipped="0" hostname="VAIO" name="org.company.BussinessLayer.Controls.Demo" tests="1" failures="0" timestamp="2020-05-07T22:39:55 IST" time="0.010" errors="0">
  <testcase name="Demo" time="0.010" classname="org.company.BussinessLayer.Controls.Demo"/>
  <system-out/>
</testsuite> <!-- org.company.BussinessLayer.Controls.Demo -->
