<?xml version="1.0" encoding="UTF-8"?>
<!-- Generated by org.testng.reporters.JUnitReportReporter -->
<testsuite skipped="0" hostname="VAIO" name="org.company.bussinesslayer.Controls.Login" tests="2" failures="0" timestamp="2020-04-28T18:34:52 IST" time="0.006" errors="0">
  <testcase name="LoginToDashboard" time="0.001" classname="org.company.bussinesslayer.Controls.Login"/>
  <system-out/>
  <testcase name="LoginToDashboard" time="0.005" classname="org.company.bussinesslayer.Controls.Login"/>
  <system-out/>
</testsuite> <!-- org.company.bussinesslayer.Controls.Login -->
