<?xml version="1.0" encoding="UTF-8"?>
<!-- Generated by org.testng.reporters.JUnitReportReporter -->
<testsuite skipped="0" hostname="VAIO" name="org.company.bussinesslayer.Controls.ServiceDate" tests="2" failures="0" timestamp="2020-04-28T18:34:52 IST" time="0.000" errors="0">
  <testcase name="ApplyServiceDate" time="0.000" classname="org.company.bussinesslayer.Controls.ServiceDate"/>
  <system-out/>
  <testcase name="ApplyServiceDate" time="0.000" classname="org.company.bussinesslayer.Controls.ServiceDate"/>
  <system-out/>
</testsuite> <!-- org.company.bussinesslayer.Controls.ServiceDate -->
