<?xml version="1.0" encoding="UTF-8"?>
<!-- Generated by org.testng.reporters.JUnitReportReporter -->
<testsuite skipped="0" hostname="VAIO" name="org.company.bussinesslayer.RequestControls.RestGet" tests="1" failures="0" timestamp="2020-05-04T16:08:34 IST" time="2.077" errors="0">
  <testcase name="Execute" time="2.077" classname="org.company.bussinesslayer.RequestControls.RestGet"/>
  <system-out/>
</testsuite> <!-- org.company.bussinesslayer.RequestControls.RestGet -->
