<?xml version="1.0" encoding="UTF-8"?>
<!-- Generated by org.testng.reporters.JUnitReportReporter -->
<testsuite skipped="0" hostname="VAIO" name="org.company.bussinesslayer.RequestControls.RestPost" tests="2" failures="0" timestamp="2020-05-04T15:36:21 IST" time="0.000" errors="0">
  <testcase name="Execute" time="0.000" classname="org.company.bussinesslayer.RequestControls.RestPost"/>
  <system-out/>
  <testcase name="Execute" time="0.000" classname="org.company.bussinesslayer.RequestControls.RestPost"/>
  <system-out/>
</testsuite> <!-- org.company.bussinesslayer.RequestControls.RestPost -->
