<?xml version="1.0" encoding="UTF-8"?>
<!-- Generated by org.testng.reporters.JUnitReportReporter -->
<testsuite skipped="0" hostname="VAIO" name="org.company.BussinessLayer.Controls.RestGet" tests="2" failures="0" timestamp="2020-06-21T20:33:32 IST" time="2.605" errors="0">
  <testcase name="executeControl" time="2.289" classname="org.company.BussinessLayer.Controls.RestGet"/>
  <system-out/>
  <testcase name="executeControl" time="0.316" classname="org.company.BussinessLayer.Controls.RestGet"/>
  <system-out/>
</testsuite> <!-- org.company.BussinessLayer.Controls.RestGet -->
